Using pre-set license

 COMMAND LINE ARGUMENTS:
/Applications/Unity/Hub/Editor/2020.3.11f1/Unity.app/Contents/MacOS/Unity
-adb2
-batchMode
-noUpm
-name
AssetImportWorker0
-projectPath
/Users/patrickoetterli/Projects/Github/GMTKgj21/GMTKgj21
-logFile
Logs/AssetImportWorker0.log
-srvPort
50017
Successfully changed project path to: /Users/patrickoetterli/Projects/Github/GMTKgj21/GMTKgj21
/Users/patrickoetterli/Projects/Github/GMTKgj21/GMTKgj21
Using Asset Import Pipeline V2.
Refreshing native plugins compatible for Editor in 38.24 ms, found 2 plugins.
Preloading 0 native plugins for Editor in 0.00 ms.
Initialize engine version: 2020.3.11f1 (99c7afb366b3)
[Subsystems] Discovering subsystems at path /Applications/Unity/Hub/Editor/2020.3.11f1/Unity.app/Contents/Resources/UnitySubsystems
[Subsystems] Discovering subsystems at path /Users/patrickoetterli/Projects/Github/GMTKgj21/GMTKgj21/Assets
GfxDevice: creating device client; threaded=0
2021-06-11 18:48:38.958 Unity[5492:66875] LU28R55 preferred device: Intel Iris Pro Graphics (low power)
2021-06-11 18:48:38.958 Unity[5492:66875] Metal devices available: 1
2021-06-11 18:48:38.958 Unity[5492:66875] 0: Intel Iris Pro Graphics (low power)
2021-06-11 18:48:38.959 Unity[5492:66875] Using device Intel Iris Pro Graphics (low power)
Initializing Metal device caps: Intel Iris Pro Graphics
Initialize mono
Mono path[0] = '/Applications/Unity/Hub/Editor/2020.3.11f1/Unity.app/Contents/Managed'
Mono path[1] = '/Applications/Unity/Hub/Editor/2020.3.11f1/Unity.app/Contents/MonoBleedingEdge/lib/mono/unityjit'
Mono config path = '/Applications/Unity/Hub/Editor/2020.3.11f1/Unity.app/Contents/MonoBleedingEdge/etc'
Using monoOptions --debugger-agent=transport=dt_socket,embedding=1,server=y,suspend=n,address=127.0.0.1:56492
Begin MonoManager ReloadAssembly
Registering precompiled unity dll's ...
Register platform support module: /Applications/Unity/Hub/Editor/2020.3.11f1/PlaybackEngines/WebGLSupport/UnityEditor.WebGL.Extensions.dll
Register platform support module: /Applications/Unity/Hub/Editor/2020.3.11f1/Unity.app/Contents/PlaybackEngines/MacStandaloneSupport/UnityEditor.OSXStandalone.Extensions.dll
Register platform support module: /Applications/Unity/Hub/Editor/2020.3.11f1/PlaybackEngines/WindowsStandaloneSupport/UnityEditor.WindowsStandalone.Extensions.dll
Registered in 0.001013 seconds.
Native extension for WindowsStandalone target not found
Native extension for OSXStandalone target not found
Native extension for WebGL target not found
Refreshing native plugins compatible for Editor in 33.32 ms, found 2 plugins.
Preloading 0 native plugins for Editor in 0.00 ms.
Mono: successfully reloaded assembly
- Completed reload, in  4.487 seconds
Platform modules already initialized, skipping
Registering precompiled user dll's ...
Registered in 0.002025 seconds.
Begin MonoManager ReloadAssembly
Native extension for WindowsStandalone target not found
Native extension for OSXStandalone target not found
Native extension for WebGL target not found
Refreshing native plugins compatible for Editor in 0.59 ms, found 2 plugins.
Preloading 0 native plugins for Editor in 0.00 ms.
Mono: successfully reloaded assembly
- Completed reload, in  1.700 seconds
Platform modules already initialized, skipping
========================================================================
Worker process is ready to serve import requests
Launching external process: /Applications/Unity/Hub/Editor/2020.3.11f1/Unity.app/Contents/Tools/UnityShaderCompiler
Launched and connected shader compiler UnityShaderCompiler after 0.02 seconds
Refreshing native plugins compatible for Editor in 0.36 ms, found 2 plugins.
Preloading 0 native plugins for Editor in 0.00 ms.
Unloading 1386 Unused Serialized files (Serialized files now loaded: 0)
System memory in use before: 138.8 MB.
System memory in use after: 138.9 MB.

Unloading 19 unused Assets to reduce memory usage. Loaded Objects now: 1819.
Total: 4.053406 ms (FindLiveObjects: 0.403793 ms CreateObjectMapping: 0.123048 ms MarkObjects: 3.380660 ms  DeleteObjects: 0.144305 ms)

========================================================================
Received Import Request.
  path: Assets/Airblade.rtf
  artifactKey: Guid(734bb7a555cf34137ab194c6a7458b41) Importer(815301076,1909f56bfc062723c751e8b465ee728b)
Start importing Assets/Airblade.rtf using Guid(734bb7a555cf34137ab194c6a7458b41) Importer(815301076,1909f56bfc062723c751e8b465ee728b)  -> (artifact id: 'b0f8bf41c0c826d509af832708135dde') in 2.574665 seconds
  Import took 2.578243 seconds .

AssetImportWorkerClient::OnTransportError - code=2 error=End of file
